<?xml version="1.0" encoding="UTF-8" ?>
<testsuite tests="0" failures="0" name="TestRunners.TestRunner" time="0" errors="0" skipped="0">
  <properties>
    <property name="java.runtime.name" value="OpenJDK Runtime Environment"/>
    <property name="java.vm.version" value="17.0.5+8"/>
    <property name="sun.boot.library.path" value="C:\Users\ECQ1046\Downloads\OpenJDK17U-jdk_x64_windows_hotspot_17.0.5_8\jdk-17.0.5+8\bin"/>
    <property name="maven.multiModuleProjectDirectory" value="C:\Users\ECQ1046\GDS Tech Challenge"/>
    <property name="java.vm.vendor" value="Eclipse Adoptium"/>
    <property name="java.vendor.url" value="https://adoptium.net/"/>
    <property name="guice.disable.misplaced.annotation.check" value="true"/>
    <property name="path.separator" value=";"/>
    <property name="java.vm.name" value="OpenJDK 64-Bit Server VM"/>
    <property name="sun.os.patch.level" value=""/>
    <property name="user.script" value=""/>
    <property name="user.country" value="SG"/>
    <property name="sun.java.launcher" value="SUN_STANDARD"/>
    <property name="java.vm.specification.name" value="Java Virtual Machine Specification"/>
    <property name="user.dir" value="C:\Users\ECQ1046\GDS Tech Challenge"/>
    <property name="java.vm.compressedOopsMode" value="Zero based"/>
    <property name="java.runtime.version" value="17.0.5+8"/>
    <property name="os.arch" value="amd64"/>
    <property name="java.io.tmpdir" value="C:\Users\ECQ1046\AppData\Local\Temp\"/>
    <property name="line.separator" value="
"/>
    <property name="java.vm.specification.vendor" value="Oracle Corporation"/>
    <property name="user.variant" value=""/>
    <property name="os.name" value="Windows 10"/>
    <property name="classworlds.conf" value="C:\Users\ECQ1046\Downloads\apache-maven-3.8.7-bin\apache-maven-3.8.7\bin\m2.conf"/>
    <property name="sun.jnu.encoding" value="Cp1252"/>
    <property name="java.library.path" value="C:\Users\ECQ1046\Downloads\OpenJDK17U-jdk_x64_windows_hotspot_17.0.5_8\jdk-17.0.5+8\bin;C:\Windows\Sun\Java\bin;C:\Windows\system32;C:\Windows;C:\Users\ECQ1046\Downloads\OpenJDK17U-jdk_x64_windows_hotspot_17.0.5_8\jdk-17.0.5+8\bin;C:\Users\ECQ1046\Downloads\apache-maven-3.8.7-bin\apache-maven-3.8.7\bin;C:\Program Files\Docker\Docker\resources\bin;C:\Program Files\Git\cmd;C:Windows\System32;C:\Users\ECQ1046\Downloads\allure-commandline-2.20.1\allure-2.20.1\bin;C:\Program Files\Mozilla Firefox;C:\Users\ECQ1046\Desktop\WebDrivers\chromedriver_win32;C:\Program Files (x86)\Microsoft SQL Server\160\Tools\Binn\;C:\Program Files\Microsoft SQL Server\160\Tools\Binn\;C:\Program Files\Microsoft SQL Server\Client SDK\ODBC\170\Tools\Binn\;C:\Program Files\Microsoft SQL Server\160\DTS\Binn\;C:\Users\ECQ1046\Downloads\apache-maven-3.8.7-bin (1)\apache-maven-3.8.7\bin;C:\Program Files (x86)\Microsoft SQL Server\150\DTS\Binn\;C:\Program Files\Azure Data Studio\bin;C:\Users\ECQ1046\AppData\Local\Programs\Python\Python311\Scripts\;C:\Users\ECQ1046\AppData\Local\Programs\Python\Python311\;C:\Users\ECQ1046\Downloads\apache-maven-3.8.7-bin\apache-maven-3.8.7\bin;C:\Program Files\Azure Data Studio\bin;."/>
    <property name="maven.conf" value="C:\Users\ECQ1046\Downloads\apache-maven-3.8.7-bin\apache-maven-3.8.7/conf"/>
    <property name="jdk.debug" value="release"/>
    <property name="java.class.version" value="61.0"/>
    <property name="java.specification.name" value="Java Platform API Specification"/>
    <property name="sun.management.compiler" value="HotSpot 64-Bit Tiered Compilers"/>
    <property name="os.version" value="10.0"/>
    <property name="library.jansi.path" value="C:\Users\ECQ1046\Downloads\apache-maven-3.8.7-bin\apache-maven-3.8.7\lib\jansi-native"/>
    <property name="user.home" value="C:\Users\ECQ1046"/>
    <property name="user.timezone" value="Asia/Singapore"/>
    <property name="file.encoding" value="Cp1252"/>
    <property name="java.specification.version" value="17"/>
    <property name="user.name" value="ECQ1046"/>
    <property name="java.class.path" value="C:\Users\ECQ1046\Downloads\apache-maven-3.8.7-bin\apache-maven-3.8.7\boot\plexus-classworlds-2.6.0.jar"/>
    <property name="java.vm.specification.version" value="17"/>
    <property name="sun.arch.data.model" value="64"/>
    <property name="sun.java.command" value="org.codehaus.plexus.classworlds.launcher.Launcher test"/>
    <property name="java.home" value="C:\Users\ECQ1046\Downloads\OpenJDK17U-jdk_x64_windows_hotspot_17.0.5_8\jdk-17.0.5+8"/>
    <property name="user.language" value="en"/>
    <property name="java.specification.vendor" value="Oracle Corporation"/>
    <property name="java.vm.info" value="mixed mode, sharing"/>
    <property name="java.version" value="17.0.5"/>
    <property name="native.encoding" value="Cp1252"/>
    <property name="java.vendor" value="Eclipse Adoptium"/>
    <property name="sun.stderr.encoding" value="cp437"/>
    <property name="maven.home" value="C:\Users\ECQ1046\Downloads\apache-maven-3.8.7-bin\apache-maven-3.8.7"/>
    <property name="file.separator" value="\"/>
    <property name="java.version.date" value="2022-10-18"/>
    <property name="java.vendor.url.bug" value="https://github.com/adoptium/adoptium-support/issues"/>
    <property name="sun.io.unicode.encoding" value="UnicodeLittle"/>
    <property name="sun.cpu.endian" value="little"/>
    <property name="java.vendor.version" value="Temurin-17.0.5+8"/>
    <property name="sun.stdout.encoding" value="cp437"/>
    <property name="sun.cpu.isalist" value="amd64"/>
  </properties>
</testsuite>